[     920ms] [INFO] %cDownload the React DevTools for a better development experience: https://react.dev/link/react-devtools font-weight:bold @ http://localhost:8081/node_modules/expo-router/entry.bundle?platform=web&dev=true&hot=false&lazy=true&transform.engine=hermes&transform.routerRoot=app&unstable_transformProfile=hermes-stable:70545
[     965ms] [LOG] Running application "main" with appParams:
 {rootTag: #root, hydrate: undefined} 
Development-level warnings: ON.
Performance optimizations: OFF. @ http://localhost:8081/node_modules/expo-router/entry.bundle?platform=web&dev=true&hot=false&lazy=true&transform.engine=hermes&transform.routerRoot=app&unstable_transformProfile=hermes-stable:70545
[   30148ms] [INFO] %cDownload the React DevTools for a better development experience: https://react.dev/link/react-devtools font-weight:bold @ http://localhost:8081/node_modules/expo-router/entry.bundle?platform=web&dev=true&hot=false&lazy=true&transform.engine=hermes&transform.routerRoot=app&unstable_transformProfile=hermes-stable:70545
[   30306ms] [LOG] Running application "main" with appParams:
 {rootTag: #root, hydrate: undefined} 
Development-level warnings: ON.
Performance optimizations: OFF. @ http://localhost:8081/node_modules/expo-router/entry.bundle?platform=web&dev=true&hot=false&lazy=true&transform.engine=hermes&transform.routerRoot=app&unstable_transformProfile=hermes-stable:70545
[   79557ms] NotFoundError: Failed to execute 'setPointerCapture' on 'Element': No active pointer with the given id is found.
    at HTMLDivElement.pointerDownCallback (http://localhost:8081/node_modules/expo-router/entry.bundle?platform=web&dev=true&hot=false&lazy=true&transform.engine=hermes&transform.routerRoot=app&unstable_transformProfile=hermes-stable:205742:16)
    at eval (eval at <anonymous> (eval at evaluate (:302:30)), <anonymous>:6:6)
    at eval (eval at evaluate (:302:30), <anonymous>:4:50)
    at UtilityScript.evaluate (<anonymous>:304:16)
    at UtilityScript.<anonymous> (<anonymous>:1:44)
[   79560ms] NotFoundError: Failed to execute 'setPointerCapture' on 'Element': No active pointer with the given id is found.
    at HTMLDivElement.pointerMoveCallback (http://localhost:8081/node_modules/expo-router/entry.bundle?platform=web&dev=true&hot=false&lazy=true&transform.engine=hermes&transform.routerRoot=app&unstable_transformProfile=hermes-stable:205792:16)
    at eval (eval at <anonymous> (eval at evaluate (:302:30)), <anonymous>:8:8)
    at eval (eval at evaluate (:302:30), <anonymous>:4:50)
    at UtilityScript.evaluate (<anonymous>:304:16)
    at UtilityScript.<anonymous> (<anonymous>:1:44)
[   79560ms] NotFoundError: Failed to execute 'setPointerCapture' on 'Element': No active pointer with the given id is found.
    at HTMLDivElement.pointerMoveCallback (http://localhost:8081/node_modules/expo-router/entry.bundle?platform=web&dev=true&hot=false&lazy=true&transform.engine=hermes&transform.routerRoot=app&unstable_transformProfile=hermes-stable:205792:16)
    at eval (eval at <anonymous> (eval at evaluate (:302:30)), <anonymous>:8:8)
    at eval (eval at evaluate (:302:30), <anonymous>:4:50)
    at UtilityScript.evaluate (<anonymous>:304:16)
    at UtilityScript.<anonymous> (<anonymous>:1:44)
[   79560ms] NotFoundError: Failed to execute 'setPointerCapture' on 'Element': No active pointer with the given id is found.
    at HTMLDivElement.pointerMoveCallback (http://localhost:8081/node_modules/expo-router/entry.bundle?platform=web&dev=true&hot=false&lazy=true&transform.engine=hermes&transform.routerRoot=app&unstable_transformProfile=hermes-stable:205792:16)
    at eval (eval at <anonymous> (eval at evaluate (:302:30)), <anonymous>:8:8)
    at eval (eval at evaluate (:302:30), <anonymous>:4:50)
    at UtilityScript.evaluate (<anonymous>:304:16)
    at UtilityScript.<anonymous> (<anonymous>:1:44)
[   79560ms] NotFoundError: Failed to execute 'setPointerCapture' on 'Element': No active pointer with the given id is found.
    at HTMLDivElement.pointerMoveCallback (http://localhost:8081/node_modules/expo-router/entry.bundle?platform=web&dev=true&hot=false&lazy=true&transform.engine=hermes&transform.routerRoot=app&unstable_transformProfile=hermes-stable:205792:16)
    at eval (eval at <anonymous> (eval at evaluate (:302:30)), <anonymous>:8:8)
    at eval (eval at evaluate (:302:30), <anonymous>:4:50)
    at UtilityScript.evaluate (<anonymous>:304:16)
    at UtilityScript.<anonymous> (<anonymous>:1:44)
[   79560ms] NotFoundError: Failed to execute 'setPointerCapture' on 'Element': No active pointer with the given id is found.
    at HTMLDivElement.pointerMoveCallback (http://localhost:8081/node_modules/expo-router/entry.bundle?platform=web&dev=true&hot=false&lazy=true&transform.engine=hermes&transform.routerRoot=app&unstable_transformProfile=hermes-stable:205792:16)
    at eval (eval at <anonymous> (eval at evaluate (:302:30)), <anonymous>:8:8)
    at eval (eval at evaluate (:302:30), <anonymous>:4:50)
    at UtilityScript.evaluate (<anonymous>:304:16)
    at UtilityScript.<anonymous> (<anonymous>:1:44)
